<?xml version="1.0" encoding="UTF-8"?>
<!-- Generated by org.testng.reporters.JUnitReportReporter -->
<testsuite skipped="0" hostname="LAPTOP-4N6RGF15" name="com.byjus.test.TestRunTest" tests="1" failures="0" timestamp="05 Jan 2019 05:56:48 GMT" time="0.147" errors="0">
  <testcase name="feature" time="0.147" classname="com.byjus.test.TestRunTest"/>
</testsuite> <!-- com.byjus.test.TestRunTest -->
